<?xml version="1.0" encoding="UTF-8"?>
<!-- Generated by org.testng.reporters.JUnitXMLReporter -->
<testsuite hostname="Shwethas-MBP.hsd1.ca.comcast.net" failures="2" tests="4" name="PasswordGeneratorTests" time="64.64" errors="0" timestamp="6 Oct 2024 05:26:09 GMT">
  <testcase classname="Tests.PasswordGeneratorTest" name="testGeneratePasswordWithAllOptions" time="20.322"/>
  <testcase classname="Tests.PasswordGeneratorTest" name="testGeneratePasswordWithMaxLength" time="2.57"/>
  <testcase classname="Tests.PasswordGeneratorTest" name="testInvalidInputForLength" time="0.917">
    <failure type="java.lang.AssertionError" message="Password should not be generated if input is invalid. expected [true] but found [false]">
      <![CDATA[java.lang.AssertionError: Password should not be generated if input is invalid. expected [true] but found [false]
	at Tests.PasswordGeneratorTest.testInvalidInputForLength(PasswordGeneratorTest.java:103)
... Removed 27 stack frames]]>
    </failure>
  </testcase> <!-- testInvalidInputForLength -->
  <testcase classname="Tests.PasswordGeneratorTest" name="testNoOptionsSelected" time="1.804">
    <failure type="org.openqa.selenium.NoSuchElementException" message="no such element: Unable to locate element: {&amp;quot;method&amp;quot;:&amp;quot;xpath&amp;quot;,&amp;quot;selector&amp;quot;:&amp;quot;//button[normalize-space()=&amp;apos;Copy Password&amp;apos;]&amp;quot;}
  (Session info: chrome=129.0.6668.90)
For documentation on this error, please visit: https://www.seleniumhq.org/exceptions/no_such_element.html
Build info: version: &amp;apos;3.141.59&amp;apos;, revision: &amp;apos;e82be7d358&amp;apos;, time: &amp;apos;2018-11-14T08:17:03&amp;apos;
System info: host: &amp;apos;Shwethas-MBP.hsd1.ca.comcast.net&amp;apos;, ip: &amp;apos;2601:205:c200:3940:d967:627f:3007:35ec%en0&amp;apos;, os.name: &amp;apos;Mac OS X&amp;apos;, os.arch: &amp;apos;x86_64&amp;apos;, os.version: &amp;apos;14.5&amp;apos;, java.version: &amp;apos;17.0.10&amp;apos;
Driver info: org.openqa.selenium.chrome.ChromeDriver
Capabilities {acceptInsecureCerts: false, browserName: chrome, browserVersion: 129.0.6668.90, chrome: {chromedriverVersion: 129.0.6668.89 (951c0b97221f..., userDataDir: /var/folders/zw/46t94405533...}, fedcm:accounts: true, goog:chromeOptions: {debuggerAddress: localhost:63602}, javascriptEnabled: true, networkConnectionEnabled: false, pageLoadStrategy: normal, platform: MAC, platformName: MAC, proxy: Proxy(), setWindowRect: true, strictFileInteractability: false, timeouts: {implicit: 0, pageLoad: 300000, script: 30000}, unhandledPromptBehavior: dismiss and notify, webauthn:extension:credBlob: true, webauthn:extension:largeBlob: true, webauthn:extension:minPinLength: true, webauthn:extension:prf: true, webauthn:virtualAuthenticators: true}
Session ID: 174ef8de2da20aaf33097419e206326d
*** Element info: {Using=xpath, value=//button[normalize-space()=&amp;apos;Copy Password&amp;apos;]}">
      <![CDATA[org.openqa.selenium.NoSuchElementException: no such element: Unable to locate element: {"method":"xpath","selector":"//button[normalize-space()='Copy Password']"}
  (Session info: chrome=129.0.6668.90)
For documentation on this error, please visit: https://www.seleniumhq.org/exceptions/no_such_element.html
Build info: version: '3.141.59', revision: 'e82be7d358', time: '2018-11-14T08:17:03'
System info: host: 'Shwethas-MBP.hsd1.ca.comcast.net', ip: '2601:205:c200:3940:d967:627f:3007:35ec%en0', os.name: 'Mac OS X', os.arch: 'x86_64', os.version: '14.5', java.version: '17.0.10'
Driver info: org.openqa.selenium.chrome.ChromeDriver
Capabilities {acceptInsecureCerts: false, browserName: chrome, browserVersion: 129.0.6668.90, chrome: {chromedriverVersion: 129.0.6668.89 (951c0b97221f..., userDataDir: /var/folders/zw/46t94405533...}, fedcm:accounts: true, goog:chromeOptions: {debuggerAddress: localhost:63602}, javascriptEnabled: true, networkConnectionEnabled: false, pageLoadStrategy: normal, platform: MAC, platformName: MAC, proxy: Proxy(), setWindowRect: true, strictFileInteractability: false, timeouts: {implicit: 0, pageLoad: 300000, script: 30000}, unhandledPromptBehavior: dismiss and notify, webauthn:extension:credBlob: true, webauthn:extension:largeBlob: true, webauthn:extension:minPinLength: true, webauthn:extension:prf: true, webauthn:virtualAuthenticators: true}
Session ID: 174ef8de2da20aaf33097419e206326d
*** Element info: {Using=xpath, value=//button[normalize-space()='Copy Password']}
	at org.openqa.selenium.remote.http.W3CHttpResponseCodec.createException(W3CHttpResponseCodec.java:187)
	at org.openqa.selenium.remote.http.W3CHttpResponseCodec.decode(W3CHttpResponseCodec.java:122)
	at org.openqa.selenium.remote.http.W3CHttpResponseCodec.decode(W3CHttpResponseCodec.java:49)
	at org.openqa.selenium.remote.HttpCommandExecutor.execute(HttpCommandExecutor.java:158)
	at org.openqa.selenium.remote.service.DriverCommandExecutor.execute(DriverCommandExecutor.java:83)
	at org.openqa.selenium.remote.RemoteWebDriver.execute(RemoteWebDriver.java:552)
	at org.openqa.selenium.remote.RemoteWebDriver.findElement(RemoteWebDriver.java:323)
	at org.openqa.selenium.remote.RemoteWebDriver.findElementByXPath(RemoteWebDriver.java:428)
	at org.openqa.selenium.By$ByXPath.findElement(By.java:353)
	at org.openqa.selenium.remote.RemoteWebDriver.findElement(RemoteWebDriver.java:315)
	at PFPages.PasswordGeneratorPage.copypassword(PasswordGeneratorPage.java:75)
	at Tests.PasswordGeneratorTest.testNoOptionsSelected(PasswordGeneratorTest.java:63)
... Removed 29 stack frames]]>
    </failure>
  </testcase> <!-- testNoOptionsSelected -->
</testsuite> <!-- PasswordGeneratorTests -->
