<!DOCTYPE html PUBLIC "-//W3C//DTD XHTML 1.1//EN" "http://www.w3.org/TR/xhtml11/DTD/xhtml11.dtd">
<html xmlns="http://www.w3.org/1999/xhtml"><head><title>TestNG Report</title><style type="text/css">table {margin-bottom:10px;border-collapse:collapse;empty-cells:show}th,td {border:1px solid #009;padding:.25em .5em}th {vertical-align:bottom}td {vertical-align:top}table a {font-weight:bold}.stripe td {background-color: #E6EBF9}.num {text-align:right}.passedodd td {background-color: #3F3}.passedeven td {background-color: #0A0}.skippedodd td {background-color: #DDD}.skippedeven td {background-color: #CCC}.failedodd td,.attn {background-color: #F33}.failedeven td,.stripe .attn {background-color: #D00}.stacktrace {white-space:pre;font-family:monospace}.totop {font-size:85%;text-align:center;border-bottom:2px solid #000}</style></head><body><table><tr><th>Test</th><th># Passed</th><th># Skipped</th><th># Failed</th><th>Time (ms)</th><th>Included Groups</th><th>Excluded Groups</th></tr><tr><th colspan="7">PasswordGeneratorTestSuite</th></tr><tr><td><a href="#t0">PasswordGeneratorTests</a></td><td class="num">2</td><td class="num">0</td><td class="num attn">2</td><td class="num">64,640</td><td></td><td></td></tr></table><table><thead><tr><th>Class</th><th>Method</th><th>Start</th><th>Time (ms)</th></tr></thead><tbody><tr><th colspan="4">PasswordGeneratorTestSuite</th></tr></tbody><tbody id="t0"><tr><th colspan="4">PasswordGeneratorTests &#8212; failed</th></tr><tr class="failedeven"><td rowspan="2">Tests.PasswordGeneratorTest</td><td><a href="#m0">testInvalidInputForLength</a></td><td rowspan="1">1728192366531</td><td rowspan="1">917</td></tr><tr class="failedeven"><td><a href="#m1">testNoOptionsSelected</a></td><td rowspan="1">1728192367453</td><td rowspan="1">1804</td></tr><tr><th colspan="4">PasswordGeneratorTests &#8212; passed</th></tr><tr class="passedeven"><td rowspan="2">Tests.PasswordGeneratorTest</td><td><a href="#m2">testGeneratePasswordWithAllOptions</a></td><td rowspan="1">1728192343632</td><td rowspan="1">20322</td></tr><tr class="passedeven"><td><a href="#m3">testGeneratePasswordWithMaxLength</a></td><td rowspan="1">1728192363959</td><td rowspan="1">2570</td></tr></tbody></table><h2>PasswordGeneratorTests</h2><h3 id="m0">Tests.PasswordGeneratorTest#testInvalidInputForLength</h3><table class="result"><tr><th>Exception</th></tr><tr><td><div class="stacktrace">java.lang.AssertionError: Password should not be generated if input is invalid. expected [true] but found [false]
	at Tests.PasswordGeneratorTest.testInvalidInputForLength(PasswordGeneratorTest.java:103)
... Removed 27 stack frames</div></td></tr></table><p class="totop"><a href="#summary">back to summary</a></p><h3 id="m1">Tests.PasswordGeneratorTest#testNoOptionsSelected</h3><table class="result"><tr><th>Exception</th></tr><tr><td><div class="stacktrace">org.openqa.selenium.NoSuchElementException: no such element: Unable to locate element: {&quot;method&quot;:&quot;xpath&quot;,&quot;selector&quot;:&quot;//button[normalize-space()=&apos;Copy Password&apos;]&quot;}
  (Session info: chrome=129.0.6668.90)
For documentation on this error, please visit: https://www.seleniumhq.org/exceptions/no_such_element.html
Build info: version: &apos;3.141.59&apos;, revision: &apos;e82be7d358&apos;, time: &apos;2018-11-14T08:17:03&apos;
System info: host: &apos;Shwethas-MBP.hsd1.ca.comcast.net&apos;, ip: &apos;2601:205:c200:3940:d967:627f:3007:35ec%en0&apos;, os.name: &apos;Mac OS X&apos;, os.arch: &apos;x86_64&apos;, os.version: &apos;14.5&apos;, java.version: &apos;17.0.10&apos;
Driver info: org.openqa.selenium.chrome.ChromeDriver
Capabilities {acceptInsecureCerts: false, browserName: chrome, browserVersion: 129.0.6668.90, chrome: {chromedriverVersion: 129.0.6668.89 (951c0b97221f..., userDataDir: /var/folders/zw/46t94405533...}, fedcm:accounts: true, goog:chromeOptions: {debuggerAddress: localhost:63602}, javascriptEnabled: true, networkConnectionEnabled: false, pageLoadStrategy: normal, platform: MAC, platformName: MAC, proxy: Proxy(), setWindowRect: true, strictFileInteractability: false, timeouts: {implicit: 0, pageLoad: 300000, script: 30000}, unhandledPromptBehavior: dismiss and notify, webauthn:extension:credBlob: true, webauthn:extension:largeBlob: true, webauthn:extension:minPinLength: true, webauthn:extension:prf: true, webauthn:virtualAuthenticators: true}
Session ID: 174ef8de2da20aaf33097419e206326d
*** Element info: {Using=xpath, value=//button[normalize-space()=&apos;Copy Password&apos;]}
	at org.openqa.selenium.remote.http.W3CHttpResponseCodec.createException(W3CHttpResponseCodec.java:187)
	at org.openqa.selenium.remote.http.W3CHttpResponseCodec.decode(W3CHttpResponseCodec.java:122)
	at org.openqa.selenium.remote.http.W3CHttpResponseCodec.decode(W3CHttpResponseCodec.java:49)
	at org.openqa.selenium.remote.HttpCommandExecutor.execute(HttpCommandExecutor.java:158)
	at org.openqa.selenium.remote.service.DriverCommandExecutor.execute(DriverCommandExecutor.java:83)
	at org.openqa.selenium.remote.RemoteWebDriver.execute(RemoteWebDriver.java:552)
	at org.openqa.selenium.remote.RemoteWebDriver.findElement(RemoteWebDriver.java:323)
	at org.openqa.selenium.remote.RemoteWebDriver.findElementByXPath(RemoteWebDriver.java:428)
	at org.openqa.selenium.By$ByXPath.findElement(By.java:353)
	at org.openqa.selenium.remote.RemoteWebDriver.findElement(RemoteWebDriver.java:315)
	at PFPages.PasswordGeneratorPage.copypassword(PasswordGeneratorPage.java:75)
	at Tests.PasswordGeneratorTest.testNoOptionsSelected(PasswordGeneratorTest.java:63)
... Removed 29 stack frames</div></td></tr></table><p class="totop"><a href="#summary">back to summary</a></p><h3 id="m2">Tests.PasswordGeneratorTest#testGeneratePasswordWithAllOptions</h3><table class="result"></table><p class="totop"><a href="#summary">back to summary</a></p><h3 id="m3">Tests.PasswordGeneratorTest#testGeneratePasswordWithMaxLength</h3><table class="result"></table><p class="totop"><a href="#summary">back to summary</a></p></body></html>